<?xml version="1.0" encoding="UTF-8"?>
<!-- Generated by org.testng.reporters.JUnitReportReporter -->
<testsuite hostname="DESKTOP-LCEEPR7" failures="0" tests="3" name="com.apitesting.testcases.TC004_Put_Testcase" time="0.019" errors="0" timestamp="2024-09-04T12:22:00 IST" skipped="0">
  <testcase classname="com.apitesting.testcases.TC004_Put_Testcase" name="put_responsebody" time="0.010"/>
  <testcase classname="com.apitesting.testcases.TC004_Put_Testcase" name="put_stscode" time="0.005"/>
  <testcase classname="com.apitesting.testcases.TC004_Put_Testcase" name="put_responsetime" time="0.004"/>
</testsuite> <!-- com.apitesting.testcases.TC004_Put_Testcase -->
