<?xml version="1.0" encoding="UTF-8"?>
<!-- Generated by org.testng.reporters.JUnitReportReporter -->
<testsuite hostname="DESKTOP-LCEEPR7" failures="0" tests="4" name="com.apitesting.testcases.TC001_Get_Testcase" time="0.073" errors="0" timestamp="2024-09-04T12:22:00 IST" skipped="0">
  <testcase classname="com.apitesting.testcases.TC001_Get_Testcase" name="get_body" time="0.060"/>
  <testcase classname="com.apitesting.testcases.TC001_Get_Testcase" name="get_statusline" time="0.003"/>
  <testcase classname="com.apitesting.testcases.TC001_Get_Testcase" name="get_statuscode" time="0.003"/>
  <testcase classname="com.apitesting.testcases.TC001_Get_Testcase" name="get_responsetime" time="0.007"/>
</testsuite> <!-- com.apitesting.testcases.TC001_Get_Testcase -->
