<?xml version="1.0" encoding="UTF-8"?>
<!-- Generated by org.testng.reporters.JUnitReportReporter -->
<testsuite hostname="DESKTOP-LCEEPR7" failures="0" tests="2" name="com.apitesting.testcases.TC002_Testcase" time="0.052" errors="0" timestamp="2024-09-03T16:04:39 IST" skipped="0">
  <testcase classname="com.apitesting.testcases.TC002_Testcase" name="statuscode" time="0.002"/>
  <testcase classname="com.apitesting.testcases.TC002_Testcase" name="body" time="0.050"/>
</testsuite> <!-- com.apitesting.testcases.TC002_Testcase -->
