<?xml version="1.0" encoding="UTF-8"?>
<!-- Generated by org.testng.reporters.JUnitReportReporter -->
<testsuite hostname="DESKTOP-LCEEPR7" failures="0" tests="4" name="com.apitesting.testcases.TC001_Testcase" time="0.034" errors="0" timestamp="2024-09-04T10:04:57 IST" skipped="0">
  <testcase classname="com.apitesting.testcases.TC001_Testcase" name="statuscode" time="0.002"/>
  <testcase classname="com.apitesting.testcases.TC001_Testcase" name="statusline" time="0.001"/>
  <testcase classname="com.apitesting.testcases.TC001_Testcase" name="time" time="0.006"/>
  <testcase classname="com.apitesting.testcases.TC001_Testcase" name="getbody" time="0.025"/>
</testsuite> <!-- com.apitesting.testcases.TC001_Testcase -->
