<?xml version="1.0" encoding="UTF-8"?>
<!-- Generated by org.testng.reporters.JUnitReportReporter -->
<testsuite hostname="DESKTOP-LCEEPR7" failures="0" tests="4" name="com.apitesting.testcases.TC001_Get_Testcase" time="0.064" errors="0" timestamp="2024-09-04T11:44:20 IST" skipped="0">
  <testcase classname="com.apitesting.testcases.TC001_Get_Testcase" name="statusline" time="0.003"/>
  <testcase classname="com.apitesting.testcases.TC001_Get_Testcase" name="time" time="0.004"/>
  <testcase classname="com.apitesting.testcases.TC001_Get_Testcase" name="getbody" time="0.052"/>
  <testcase classname="com.apitesting.testcases.TC001_Get_Testcase" name="statuscode" time="0.005"/>
</testsuite> <!-- com.apitesting.testcases.TC001_Get_Testcase -->
