<?xml version="1.0" encoding="UTF-8"?>
<!-- Generated by org.testng.reporters.JUnitReportReporter -->
<testsuite hostname="DESKTOP-LCEEPR7" failures="0" tests="3" name="com.apitesting.testcases.TC002_Post_Testcase" time="0.021" errors="0" timestamp="2024-10-21T14:00:25 IST" skipped="0">
  <testcase classname="com.apitesting.testcases.TC002_Post_Testcase" name="post_responsetime" time="0.003"/>
  <testcase classname="com.apitesting.testcases.TC002_Post_Testcase" name="post_statuscode" time="0.010"/>
  <testcase classname="com.apitesting.testcases.TC002_Post_Testcase" name="post_responsebody" time="0.008"/>
</testsuite> <!-- com.apitesting.testcases.TC002_Post_Testcase -->
