<?xml version="1.0" encoding="UTF-8"?>
<!-- Generated by org.testng.reporters.JUnitReportReporter -->
<testsuite hostname="DESKTOP-LCEEPR7" failures="0" tests="2" name="com.apitesting.testcases.TC002_Testcase" time="0.066" errors="0" timestamp="2024-09-03T19:15:12 IST" skipped="0">
  <testcase classname="com.apitesting.testcases.TC002_Testcase" name="statuscode" time="0.004"/>
  <testcase classname="com.apitesting.testcases.TC002_Testcase" name="body" time="0.062"/>
</testsuite> <!-- com.apitesting.testcases.TC002_Testcase -->
