<?xml version="1.0" encoding="UTF-8"?>
<!-- Generated by org.testng.reporters.JUnitReportReporter -->
<testsuite hostname="DESKTOP-LCEEPR7" failures="0" tests="3" name="com.apitesting.testcases.TC001_Testcase" time="0.066" errors="0" timestamp="2024-09-03T15:42:51 IST" skipped="0">
  <testcase classname="com.apitesting.testcases.TC001_Testcase" name="statuscode" time="0.005"/>
  <testcase classname="com.apitesting.testcases.TC001_Testcase" name="getbody" time="0.048"/>
  <testcase classname="com.apitesting.testcases.TC001_Testcase" name="statusline" time="0.013"/>
</testsuite> <!-- com.apitesting.testcases.TC001_Testcase -->
