<?xml version="1.0" encoding="UTF-8"?>
<!-- Generated by org.testng.reporters.JUnitReportReporter -->
<testsuite hostname="DESKTOP-LCEEPR7" failures="0" tests="3" name="com.apitesting.testcases.TC004_Put_Testcase" time="0.020" errors="0" timestamp="2024-10-21T14:00:25 IST" skipped="0">
  <testcase classname="com.apitesting.testcases.TC004_Put_Testcase" name="put_responsebody" time="0.007"/>
  <testcase classname="com.apitesting.testcases.TC004_Put_Testcase" name="put_responsetime" time="0.008"/>
  <testcase classname="com.apitesting.testcases.TC004_Put_Testcase" name="put_stscode" time="0.005"/>
</testsuite> <!-- com.apitesting.testcases.TC004_Put_Testcase -->
