<?xml version="1.0" encoding="UTF-8"?>
<!-- Generated by org.testng.reporters.JUnitReportReporter -->
<testsuite hostname="DESKTOP-LCEEPR7" failures="0" tests="5" name="com.apitesting.testcases.TC001_Get_Testcase" time="0.044" errors="0" timestamp="2024-11-05T10:53:38 IST" skipped="0">
  <testcase classname="com.apitesting.testcases.TC001_Get_Testcase" name="get_statuscode" time="0.012"/>
  <testcase classname="com.apitesting.testcases.TC001_Get_Testcase" name="get_body" time="0.022"/>
  <testcase classname="com.apitesting.testcases.TC001_Get_Testcase" name="get_statusline" time="0.003"/>
  <testcase classname="com.apitesting.testcases.TC001_Get_Testcase" name="get_responsetime" time="0.003"/>
  <testcase classname="com.apitesting.testcases.TC001_Get_Testcase" name="getheader" time="0.004"/>
</testsuite> <!-- com.apitesting.testcases.TC001_Get_Testcase -->
