<?xml version="1.0" encoding="UTF-8"?>
<!-- Generated by org.testng.reporters.JUnitReportReporter -->
<testsuite hostname="DESKTOP-LCEEPR7" failures="0" tests="3" name="com.apitesting.testcases.TC002_Post_Testcase" time="0.031" errors="0" timestamp="2024-09-04T11:44:20 IST" skipped="0">
  <testcase classname="com.apitesting.testcases.TC002_Post_Testcase" name="body" time="0.010"/>
  <testcase classname="com.apitesting.testcases.TC002_Post_Testcase" name="statuscode" time="0.011"/>
  <testcase classname="com.apitesting.testcases.TC002_Post_Testcase" name="time" time="0.010"/>
</testsuite> <!-- com.apitesting.testcases.TC002_Post_Testcase -->
