<?xml version="1.0" encoding="UTF-8"?>
<!-- Generated by org.testng.reporters.JUnitReportReporter -->
<testsuite hostname="DESKTOP-LCEEPR7" failures="0" tests="1" name="com.apitesting.testcases.TC003_Testcase" time="0.014" errors="0" timestamp="2024-09-03T15:55:17 IST" skipped="0">
  <testcase classname="com.apitesting.testcases.TC003_Testcase" name="code" time="0.014"/>
</testsuite> <!-- com.apitesting.testcases.TC003_Testcase -->
