<?xml version="1.0" encoding="UTF-8"?>
<!-- Generated by org.testng.reporters.JUnitReportReporter -->
<testsuite hostname="DESKTOP-LCEEPR7" failures="0" tests="1" name="com.apitesting.testcases.TC003_Del_Testcase" time="0.005" errors="0" timestamp="2024-10-21T14:00:25 IST" skipped="0">
  <testcase classname="com.apitesting.testcases.TC003_Del_Testcase" name="del_code" time="0.005"/>
</testsuite> <!-- com.apitesting.testcases.TC003_Del_Testcase -->
