<?xml version="1.0" encoding="UTF-8"?>
<!-- Generated by org.testng.reporters.JUnitReportReporter -->
<testsuite hostname="DESKTOP-LCEEPR7" failures="0" tests="1" name="com.apitesting.testcases.TC003_Del_Testcase" time="0.004" errors="0" timestamp="2024-09-04T11:44:20 IST" skipped="0">
  <testcase classname="com.apitesting.testcases.TC003_Del_Testcase" name="code" time="0.004"/>
</testsuite> <!-- com.apitesting.testcases.TC003_Del_Testcase -->
